\BOOKMARK [-1][-]{part.1}{\376\377\000I\000\040\000O\000\040\000p\001\131\000e\000d\000m\001\033\000t\000u}{}% 1
\BOOKMARK [0][-]{chapter.1}{\376\377\000Z\000\341\000p\000o\001\015\000e\000t\000:}{part.1}% 2
\BOOKMARK [0][-]{chapter.2}{\376\377\000Z\000k\000o\000u\001\141\000k\000a\000:}{part.1}% 3
\BOOKMARK [0][-]{chapter.3}{Mechanika\040FBMI\040sylabus\040LS\0402024/2025}{part.1}% 4
\BOOKMARK [-1][-]{part.2}{\376\377\000I\000I\000\040\000P\001\131\000e\000d\000n\000\341\001\141\000k\000y}{}% 5
\BOOKMARK [0][-]{chapter.4}{\376\377\000\332\000v\000o\000d\000\040\000d\000o\000\040\000m\000e\000c\000h\000a\000n\000i\000k\000y}{part.2}% 6
\BOOKMARK [1][-]{section.4.1}{Co\040je\040to\040mechanika?}{chapter.4}% 7
\BOOKMARK [1][-]{section.4.2}{Historie\040mechaniky}{chapter.4}% 8
\BOOKMARK [1][-]{section.4.3}{\376\377\000D\001\033\000l\000e\000n\000\355\000\040\000m\000e\000c\000h\000a\000n\000i\000k\000y}{chapter.4}% 9
\BOOKMARK [0][-]{chapter.5}{\376\377\000P\001\131\000e\000d\000c\000h\000o\000z\000\355\000\040\000z\000n\000a\000l\000o\000s\000t\000i}{part.2}% 10
\BOOKMARK [0][-]{chapter.6}{Co\040obsahuje\040tento\040kurz}{part.2}% 11
\BOOKMARK [0][-]{chapter.7}{Co\040neobsahuje\040tento\040kurz}{part.2}% 12
\BOOKMARK [0][-]{chapter.8}{\376\377\000D\000o\000p\000o\000r\000u\001\015\000e\000n\000\341\000\040\000l\000i\000t\000e\000r\000a\000t\000u\000r\000a}{part.2}% 13
\BOOKMARK [0][-]{chapter.9}{\376\377\000S\000k\000a\000l\000\341\000r\000\040\000a\000\040\000v\000e\000k\000t\000o\000r}{part.2}% 14
\BOOKMARK [1][-]{section.9.1}{\376\377\000N\000a\000s\000t\000a\000v\000e\000n\000\355\000\040\000P\000y\000t\000h\000o\000n\000u}{chapter.9}% 15
\BOOKMARK [1][-]{section.9.2}{\376\377\000S\000k\000a\000l\000\341\000r\000n\000\355\000\040\000v\000e\000l\000i\001\015\000i\000n\000a}{chapter.9}% 16
\BOOKMARK [2][-]{subsection.9.2.1}{\376\377\000S\000k\000a\000l\000\341\000r\000n\000\355\000\040\000o\000p\000e\000r\000a\000c\000e\000\040\000v\000\040\000P\000y\000t\000h\000o\000n\000u}{section.9.2}% 17
\BOOKMARK [1][-]{section.9.3}{\376\377\000E\000x\000t\000e\000n\000z\000i\000v\000n\000\355\000\040\000a\000\040\000i\000n\000t\000e\000n\000z\000i\000v\000n\000\355\000\040\000v\000e\000l\000i\001\015\000i\000n\000y}{chapter.9}% 18
\BOOKMARK [2][-]{subsection.9.3.1}{\376\377\000E\000x\000t\000e\000n\000z\000i\000v\000n\000\355\000\040\000v\000e\000l\000i\001\015\000i\000n\000y}{section.9.3}% 19
\BOOKMARK [2][-]{subsection.9.3.2}{\376\377\000I\000n\000t\000e\000n\000z\000i\000v\000n\000\355\000\040\000v\000e\000l\000i\001\015\000i\000n\000y}{section.9.3}% 20
\BOOKMARK [2][-]{subsection.9.3.3}{\376\377\000V\000z\000t\000a\000h\000\040\000m\000e\000z\000i\000\040\000e\000x\000t\000e\000n\000z\000i\000v\000n\000\355\000m\000i\000\040\000a\000\040\000i\000n\000t\000e\000n\000z\000i\000v\000n\000\355\000m\000i\000\040\000v\000e\000l\000i\001\015\000i\000n\000a\000m\000i}{section.9.3}% 21
\BOOKMARK [2][-]{subsection.9.3.4}{\376\377\000P\000r\000a\000k\000t\000i\000c\000k\000\375\000\040\000v\000\375\000z\000n\000a\000m}{section.9.3}% 22
\BOOKMARK [1][-]{section.9.4}{Vektor}{chapter.9}% 23
\BOOKMARK [1][-]{section.9.5}{\376\377\000N\000\341\000s\000o\000b\000e\000n\000\355\000\040\000v\000e\000k\000t\000o\000r\000u\000\040\000s\000k\000a\000l\000\341\000r\000e\000m}{chapter.9}% 24
\BOOKMARK [2][-]{subsection.9.5.1}{\376\377\000V\000e\000l\000i\000k\000o\000s\000t\000\040\000\050\000d\000\351\000l\000k\000a\000\040\000n\000e\000b\000o\000\040\000n\000o\000r\000m\000a\000\051\000\040\000v\000e\000k\000t\000o\000r\000u}{section.9.5}% 25
\BOOKMARK [2][-]{subsection.9.5.2}{\376\377\000S\001\015\000\355\000t\000\341\000n\000\355\000\040\000a\000\040\000o\000d\000e\001\015\000\355\000t\000\341\000n\000\355\000\040\000v\000e\000k\000t\000o\000r\001\157}{section.9.5}% 26
\BOOKMARK [2][-]{subsection.9.5.3}{\376\377\000V\000e\000k\000t\000o\000r\000\040\000m\000e\000z\000i\000\040\000d\000v\001\033\000m\000a\000\040\000d\000a\000n\000\375\000m\000i\000\040\000b\000o\000d\000y}{section.9.5}% 27
\BOOKMARK [1][-]{section.9.6}{\376\377\000S\000k\000a\000l\000\341\000r\000n\000\355\000\040\000s\000o\000u\001\015\000i\000n}{chapter.9}% 28
\BOOKMARK [1][-]{section.9.7}{\376\377\000V\000e\000k\000t\000o\000r\000o\000v\000\375\000\040\000s\000o\000u\001\015\000i\000n}{chapter.9}% 29
\BOOKMARK [1][-]{section.9.8}{\376\377\000D\000a\000l\001\141\000\355\000\040\001\015\000t\000e\000n\000\355}{chapter.9}% 30
\BOOKMARK [1][-]{section.9.9}{\376\377\000V\000i\000d\000e\000o\000\040\000p\001\131\000e\000d\000n\000\341\001\141\000k\000y\000\040\000n\000a\000\040\000i\000n\000t\000e\000r\000n\000e\000t\000u}{chapter.9}% 31
\BOOKMARK [1][-]{section.9.10}{\376\377\000P\000r\000o\000b\000l\000\351\000m\000y}{chapter.9}% 32
\BOOKMARK [1][-]{section.9.11}{Reference}{chapter.9}% 33
\BOOKMARK [1][-]{section.9.12}{\376\377\000S\000o\000u\001\131\000a\000d\000n\000i\000c\000o\000v\000\351\000\040\000s\000y\000s\000t\000\351\000m\000y}{chapter.9}% 34
\BOOKMARK [2][-]{subsection.9.12.1}{\376\377\000S\000o\000u\001\131\000a\000d\000n\000i\000c\000o\000v\000\341\000\040\000s\000o\000u\000s\000t\000a\000v\000a\000\040\000p\000r\000o\000\040\000a\000n\000a\000l\000\375\000z\000u\000\040\000l\000i\000d\000s\000k\000\351\000h\000o\000\040\000p\000o\000h\000y\000b\000u}{section.9.12}% 35
\BOOKMARK [2][-]{subsection.9.12.2}{\376\377\000B\000\341\000z\000e\000\040\000s\000o\000u\001\131\000a\000d\000n\000i\000c\000o\000v\000\351\000h\000o\000\040\000s\000y\000s\000t\000\351\000m\000u}{section.9.12}% 36
\BOOKMARK [2][-]{subsection.9.12.3}{\376\377\000O\000r\000t\000o\000g\000o\000n\000\341\000l\000n\000\355\000\040\000a\000\040\000o\000r\000t\000o\000n\000o\000r\000m\000\341\000l\000n\000\355\000\040\000b\000\341\000z\000e}{section.9.12}% 37
\BOOKMARK [2][-]{subsection.9.12.4}{\376\377\000K\000a\000r\000t\000\351\000z\000s\000k\000\375\000\040\000s\000o\000u\001\131\000a\000d\000n\000i\000c\000o\000v\000\375\000\040\000s\000y\000s\000t\000\351\000m}{section.9.12}% 38
\BOOKMARK [2][-]{subsection.9.12.5}{\376\377\000U\000r\001\015\000e\000n\000\355\000\040\000s\000o\000u\001\131\000a\000d\000n\000i\000c\000o\000v\000\351\000h\000o\000\040\000s\000y\000s\000t\000\351\000m\000u}{section.9.12}% 39
\BOOKMARK [3][-]{subsubsection*.3}{\376\377\000D\000e\000f\000i\000n\000i\000c\000e\000\040\000b\000\341\000z\000e}{subsection.9.12.5}% 40
\BOOKMARK [4][-]{paragraph*.4}{\376\377\000P\000o\000u\001\176\000i\000t\000\355\000\040\000v\000e\000k\000t\000o\000r\000o\000v\000\351\000h\000o\000\040\000s\000o\000u\001\015\000i\000n\000u}{subsubsection*.3}% 41
\BOOKMARK [3][-]{subsubsection*.5}{\376\377\000D\000e\000f\000i\000n\000i\000c\000e\000\040\000p\000o\001\015\000\341\000t\000k\000u}{subsection.9.12.5}% 42
\BOOKMARK [4][-]{paragraph*.6}{\376\377\000V\000i\000z\000u\000a\000l\000i\000z\000a\000c\000e\000\040\000s\000o\000u\001\131\000a\000d\000n\000i\000c\000o\000v\000\351\000h\000o\000\040\000s\000y\000s\000t\000\351\000m\000u}{subsubsection*.5}% 43
\BOOKMARK [3][-]{subsubsection*.7}{\376\377\000G\000r\000a\000m\001\157\000v\040\023\000S\000c\000h\000m\000i\000d\000t\001\157\000v\000\040\000p\000r\000o\000c\000e\000s}{subsection.9.12.5}% 44
\BOOKMARK [4][-]{paragraph*.8}{\376\377\000V\000i\000z\000u\000a\000l\000i\000z\000a\000c\000e\000\040\000s\000o\000u\001\131\000a\000d\000n\000i\000c\000o\000v\000\351\000h\000o\000\040\000s\000y\000s\000t\000\351\000m\000u}{subsubsection*.7}% 45
\BOOKMARK [2][-]{subsection.9.12.6}{\376\377\000S\000f\000\351\000r\000i\000c\000k\000\375\000\040\000s\000o\000u\001\131\000a\000d\000n\000i\000c\000o\000v\000\375\000\040\000s\000y\000s\000t\000\351\000m}{section.9.12}% 46
\BOOKMARK [2][-]{subsection.9.12.7}{\376\377\000C\000y\000l\000i\000n\000d\000r\000i\000c\000k\000\351\000\040\000s\000o\000u\001\131\000a\000d\000n\000i\000c\000e}{section.9.12}% 47
\BOOKMARK [2][-]{subsection.9.12.8}{\376\377\000D\000a\000l\001\141\000\355\000\040\001\015\000t\000e\000n\000\355}{section.9.12}% 48
\BOOKMARK [2][-]{subsection.9.12.9}{\376\377\000V\000i\000d\000e\000o\000\040\000p\001\131\000e\000d\000n\000\341\001\141\000k\000y\000\040\000n\000a\000\040\000i\000n\000t\000e\000r\000n\000e\000t\000u}{section.9.12}% 49
\BOOKMARK [2][-]{subsection.9.12.10}{\376\377\000P\000r\000o\000b\000l\000\351\000m\000y}{section.9.12}% 50
\BOOKMARK [2][-]{subsection.9.12.11}{Reference}{section.9.12}% 51
\BOOKMARK [1][-]{section.9.13}{\376\377\000S\000t\000u\000p\000n\001\033\000\040\000v\000o\000l\000n\000o\000s\000t\000i}{chapter.9}% 52
\BOOKMARK [1][-]{section.9.14}{Vazba}{chapter.9}% 53
\BOOKMARK [2][-]{subsection.9.14.1}{\376\377\000P\001\131\000\355\000k\000l\000a\000d\000y\000\040\000v\000a\000z\000e\000b}{section.9.14}% 54
\BOOKMARK [2][-]{subsection.9.14.2}{\376\377\000D\001\033\000l\000e\000n\000\355\000\040\000v\000a\000z\000e\000b}{section.9.14}% 55
\BOOKMARK [3][-]{subsubsection*.9}{\376\377\000S\000t\000a\000t\000i\000c\000k\000y\000\040\000u\000r\001\015\000i\000t\000\375\000\040\000a\000\040\000n\000e\000u\000r\001\015\000i\000t\000\375\000\040\000s\000y\000s\000t\000\351\000m}{subsection.9.14.2}% 56
\BOOKMARK [0][-]{chapter.10}{Kinematika\040v\0401DOF\040prostoru}{part.2}% 57
\BOOKMARK [1][-]{section.10.1}{Poloha\040v\0401D}{chapter.10}% 58
\BOOKMARK [1][-]{section.10.2}{Pohyb\040v\0401D}{chapter.10}% 59
\BOOKMARK [2][-]{subsection.10.2.1}{\376\377\000T\000r\000a\000n\000s\000l\000a\001\015\000n\000\355\000\040\000p\000o\000h\000y\000b}{section.10.2}% 60
\BOOKMARK [2][-]{subsection.10.2.2}{\376\377\000S\000o\000u\001\131\000a\000d\000n\000i\000c\000o\000v\000\341\000\040\000o\000s\000a}{section.10.2}% 61
\BOOKMARK [2][-]{subsection.10.2.3}{Poloha\040bodu}{section.10.2}% 62
\BOOKMARK [2][-]{subsection.10.2.4}{\376\377\000Z\000m\001\033\000n\000a\000\040\000p\000o\000l\000o\000h\000y}{section.10.2}% 63
\BOOKMARK [2][-]{subsection.10.2.5}{\376\377\000Z\000\341\000p\000i\000s\000\040\000p\000o\000h\000y\000b\000u}{section.10.2}% 64
\BOOKMARK [1][-]{section.10.3}{Kinematika}{chapter.10}% 65
\BOOKMARK [2][-]{subsection.10.3.1}{\376\377\000D\000r\000\341\000h\000a}{section.10.3}% 66
\BOOKMARK [2][-]{subsection.10.3.2}{Rychlost}{section.10.3}% 67
\BOOKMARK [3][-]{subsubsection*.10}{\376\377\000R\000y\000c\000h\000l\000o\000s\000t\000\040\000j\000e\000\040\000r\000e\000l\000a\000t\000i\000v\000n\000\355}{subsection.10.3.2}% 68
\BOOKMARK [2][-]{subsection.10.3.3}{\376\377\000Z\000r\000y\000c\000h\000l\000e\000n\000\355}{section.10.3}% 69
\BOOKMARK [2][-]{subsection.10.3.4}{Ryv\040\(Jerk\)}{section.10.3}% 70
\BOOKMARK [2][-]{subsection.10.3.5}{\376\377\000P\001\131\000\355\000k\000l\000a\000d\000y\000\040\000p\000o\000h\000y\000b\000u\000\040\000v\000\040\0001\000D}{section.10.3}% 71
\BOOKMARK [3][-]{subsubsection*.11}{\376\377\000B\000o\000d\000\040\000p\001\131\000i\000\040\000k\000o\000n\000s\000t\000a\000n\000t\000n\000\355\000\040\000r\000y\000c\000h\000l\000o\000s\000t\000i}{subsection.10.3.5}% 72
\BOOKMARK [3][-]{subsubsection*.12}{\376\377\000B\000o\000d\000\040\000p\001\131\000i\000\040\000k\000o\000n\000s\000t\000a\000n\000t\000n\000\355\000m\000\040\000z\000r\000y\000c\000h\000l\000e\000n\000\355}{subsection.10.3.5}% 73
\BOOKMARK [2][-]{subsection.10.3.6}{\376\377\000K\000i\000n\000e\000m\000a\000t\000i\000k\000a\000\040\000z\000\341\000v\000o\000d\000u\000\040\000n\000a\000\040\0001\0000\0000\000\040\000m}{section.10.3}% 74
\BOOKMARK [1][-]{section.10.4}{\376\377\000V\000z\000t\000a\000h\000\040\000m\000e\000z\000i\000\040\000d\000r\000\341\000h\000o\000u\000,\000\040\000r\000y\000c\000h\000l\000o\000s\000t\000\355\000\040\000a\000\040\000z\000r\000y\000c\000h\000l\000e\000n\000\355\000m}{chapter.10}% 75
\BOOKMARK [1][-]{section.10.5}{Dynamika}{chapter.10}% 76
\BOOKMARK [2][-]{subsection.10.5.1}{\376\377\000S\000\355\000l\000a\000\040\000j\000e\000\040\000v\000e\000k\000t\000o\000r}{section.10.5}% 77
\BOOKMARK [3][-]{subsubsection*.13}{\376\377\000V\000e\000k\000t\000o\000r\000o\000v\000\375\000\040\000z\000\341\000p\000i\000s\000\040\000s\000\355\000l\000y}{subsection.10.5.1}% 78
\BOOKMARK [3][-]{subsubsection*.14}{\376\377\000S\000o\000u\001\015\000e\000t\000\040\000s\000i\000l}{subsection.10.5.1}% 79
\BOOKMARK [2][-]{subsection.10.5.2}{\376\377\000N\000e\000w\000t\000o\000n\000o\000v\000y\000\040\000z\000\341\000k\000o\000n\000y}{section.10.5}% 80
\BOOKMARK [1][-]{section.10.6}{\376\377\000K\000d\000y\000\040\000j\000e\000\040\000d\000v\000o\000j\000i\000c\000e\000\040\000s\000i\000l\000\040\000v\000\040\000r\000o\000v\000n\000o\000v\000\341\000z\000e\000?}{chapter.10}% 81
\BOOKMARK [2][-]{subsection.10.6.1}{\376\377\000D\001\157\000s\000l\000e\000d\000k\000y\000\040\000r\000o\000v\000n\000o\000v\000\341\000h\000y\000\040\000d\000v\000o\000j\000i\000c\000e\000\040\000s\000i\000l}{section.10.6}% 82
\BOOKMARK [2][-]{subsection.10.6.2}{\376\377\000P\001\131\000\355\000k\000l\000a\000d\000y}{section.10.6}% 83
\BOOKMARK [2][-]{subsection.10.6.3}{\376\377\000P\000a\000s\000i\000v\000n\000\355\000\040\000s\000\355\000l\000y\000\040\000v\000\040\0001\000D}{section.10.6}% 84
\BOOKMARK [2][-]{subsection.10.6.4}{\376\377\000V\000l\000a\000s\000t\000n\000o\000s\000t\000i\000\040\000p\000a\000s\000i\000v\000n\000\355\000c\000h\000\040\000s\000i\000l}{section.10.6}% 85
\BOOKMARK [1][-]{section.10.7}{\376\377\000M\000e\000c\000h\000a\000n\000i\000c\000k\000\341\000\040\000p\000r\000\341\000c\000e}{chapter.10}% 86
\BOOKMARK [1][-]{section.10.8}{Energie}{chapter.10}% 87
\BOOKMARK [2][-]{subsection.10.8.1}{\376\377\000K\000i\000n\000e\000t\000i\000c\000k\000\341\000\040\000e\000n\000e\000r\000g\000i\000e}{section.10.8}% 88
\BOOKMARK [2][-]{subsection.10.8.2}{\376\377\000P\000o\000t\000e\000n\000c\000i\000\341\000l\000n\000\355\000\040\000e\000n\000e\000r\000g\000i\000e}{section.10.8}% 89
\BOOKMARK [2][-]{subsection.10.8.3}{\376\377\000P\000r\000\341\000c\000e\000\040\000a\000\040\000e\000n\000e\000r\000g\000i\000e}{section.10.8}% 90
\BOOKMARK [1][-]{section.10.9}{\376\377\000V\000\375\000k\000o\000n}{chapter.10}% 91
\BOOKMARK [1][-]{section.10.10}{\376\377\000P\000r\000i\000n\000c\000i\000p\000\040\000m\000i\000n\000i\000m\000\341\000l\000n\000\355\000\040\000a\000k\000c\000e\000\040\000a\000\040\000L\000a\000g\000r\000a\000n\000g\000e\000-\000E\000u\000l\000e\000r\000o\000v\000y\000\040\000r\000o\000v\000n\000i\000c\000e}{chapter.10}% 92
\BOOKMARK [2][-]{subsection.10.10.1}{\376\377\000N\000e\000w\000t\000o\000n\000o\000v\000y\000\040\000z\000\341\000k\000o\000n\000y\000\040\000-\000\040\000o\000p\000a\000k\000o\000v\000\341\000n\000\355}{section.10.10}% 93
\BOOKMARK [2][-]{subsection.10.10.2}{\376\377\000E\000n\000e\000r\000g\000i\000e\000,\000\040\000s\000\355\000l\000a\000,\000\040\000h\000y\000b\000n\000o\000s\000t}{section.10.10}% 94
\BOOKMARK [2][-]{subsection.10.10.3}{\376\377\000L\000a\000g\000r\000a\000n\000g\000e\000o\000v\000a\000\040\000r\000o\000v\000n\000i\000c\000e\000\040\000v\000\040\000k\000a\000r\000t\000\351\000z\000s\000k\000\375\000c\000h\000\040\000s\000o\000u\001\131\000a\000d\000n\000i\000c\000\355\000c\000h}{section.10.10}% 95
\BOOKMARK [2][-]{subsection.10.10.4}{Pohyb\040jako\040optimalizace}{section.10.10}% 96
\BOOKMARK [3][-]{subsubsection*.15}{\376\377\000S\000t\000a\000n\000d\000a\000r\000d\000n\000\355\000\040\000p\001\131\000\355\000s\000t\000u\000p}{subsection.10.10.4}% 97
\BOOKMARK [3][-]{subsubsection*.16}{\376\377\000N\000u\000m\000e\000r\000i\000c\000k\000\375\000\040\000p\001\131\000\355\000s\000t\000u\000p}{subsection.10.10.4}% 98
\BOOKMARK [3][-]{subsubsection*.17}{Minimalizace\040akce}{subsection.10.10.4}% 99
\BOOKMARK [0][-]{chapter.11}{\376\377\000M\000e\000c\000h\000a\000n\000i\000c\000k\000\351\000\040\000v\000l\000a\000s\000t\000n\000o\000s\000t\000i\000\040\000m\000a\000t\000e\000r\000i\000\341\000l\000u}{part.2}% 100
\BOOKMARK [1][-]{section.11.1}{\376\377\000P\001\131\000e\000h\000l\000e\000d\000\040\000m\000e\000c\000h\000a\000n\000i\000c\000k\000\375\000c\000h\000\040\000v\000l\000a\000s\000t\000n\000o\000s\000t\000\355\000\040\000m\000a\000t\000e\000r\000i\000\341\000l\000u}{chapter.11}% 101
\BOOKMARK [1][-]{section.11.2}{\376\377\000P\001\131\000e\000h\000l\000e\000d\000\040\000t\000e\000c\000h\000n\000o\000l\000o\000g\000i\000c\000k\000\375\000c\000h\000\040\000v\000l\000a\000s\000t\000n\000o\000s\000t\000\355\000\040\000m\000a\000t\000e\000r\000i\000\341\000l\000u}{chapter.11}% 102
\BOOKMA